<?xml version="1.0" encoding="UTF-8"?>
<!-- Generated by org.testng.reporters.JUnitReportReporter -->
<testsuite hostname="Prisha" failures="0" tests="1" name="SeleniumPractice.SeleniumFrameworkDesign.PurchaseOrder" time="7.681" errors="0" timestamp="2022-12-23T21:04:26 IST" skipped="0">
  <testcase classname="SeleniumPractice.SeleniumFrameworkDesign.PurchaseOrder" name="Submitorder" time="7.681"/>
  <system-out/>
</testsuite> <!-- SeleniumPractice.SeleniumFrameworkDesign.PurchaseOrder -->
